SF:lib/adapter/auth_adapter.dart
DA:19,1
DA:21,1
DA:24,1
DA:25,1
DA:26,2
DA:30,1
DA:32,3
DA:35,1
DA:38,2
DA:39,1
DA:41,2
DA:42,1
DA:46,1
DA:49,2
DA:55,1
DA:57,2
DA:60,1
DA:64,1
DA:65,3
DA:68,1
DA:71,2
DA:73,1
DA:77,1
DA:80,1
DA:81,1
DA:82,1
DA:83,1
LF:27
LH:27
end_of_record
SF:lib/store/auth_user_store.dart
DA:8,1
DA:14,0
DA:15,0
LF:3
LH:1
end_of_record
SF:lib/repository/auth_user_repository.dart
DA:7,1
DA:17,1
DA:19,1
DA:22,2
DA:23,2
DA:26,1
DA:28,2
DA:31,1
DA:33,2
DA:36,1
DA:39,2
DA:42,1
DA:44,2
DA:47,1
DA:50,2
LF:15
LH:15
end_of_record
